

============================== 2022-05-22 16:44:16.588580 | 3fafc881-0bbd-42b1-a883-40af153c5ba5 ==============================
16:44:16.588598 [info ] [MainThread]: Running with dbt=1.1.0
16:44:16.589189 [debug] [MainThread]: running dbt with arguments {'write_json': True, 'use_colors': True, 'printer_width': 80, 'version_check': True, 'partial_parse': True, 'static_parser': True, 'profiles_dir': '/home/blueberry/.dbt', 'send_anonymous_usage_stats': True, 'event_buffer_size': 100000, 'quiet': False, 'no_print': False, 'skip_profile_setup': False, 'which': 'init', 'indirect_selection': 'eager'}
16:44:16.589860 [debug] [MainThread]: Tracking: tracking
16:44:16.783242 [debug] [MainThread]: Sending event: {'category': 'dbt', 'action': 'invocation', 'label': 'start', 'context': [<snowplow_tracker.self_describing_json.SelfDescribingJson object at 0x7f96f82d65e0>, <snowplow_tracker.self_describing_json.SelfDescribingJson object at 0x7f96f82d64f0>, <snowplow_tracker.self_describing_json.SelfDescribingJson object at 0x7f96f82d6550>]}
16:44:43.969187 [debug] [MainThread]: Starter project path: /home/blueberry/Desktop/dbt_demo/.venv/lib/python3.8/site-packages/dbt/include/starter_project
16:44:51.360158 [info ] [MainThread]: 
Your new dbt project "bluedbt" was created!

For more information on how to configure the profiles.yml file,
please consult the dbt documentation here:

  https://docs.getdbt.com/docs/configure-your-profile

One more thing:

Need help? Don't hesitate to reach out to us via GitHub issues or on Slack:

  https://community.getdbt.com/

Happy modeling!

16:44:51.360966 [debug] [MainThread]: Sending event: {'category': 'dbt', 'action': 'invocation', 'label': 'end', 'context': [<snowplow_tracker.self_describing_json.SelfDescribingJson object at 0x7f96f8348e50>, <snowplow_tracker.self_describing_json.SelfDescribingJson object at 0x7f96f8348ca0>, <snowplow_tracker.self_describing_json.SelfDescribingJson object at 0x7f96f8348f10>]}


============================== 2022-05-22 16:59:40.634201 | b1e6a71e-6c8e-4164-af2e-9f201e4c4cb9 ==============================
16:59:40.634221 [info ] [MainThread]: Running with dbt=1.1.0
16:59:40.635225 [debug] [MainThread]: running dbt with arguments {'write_json': True, 'use_colors': True, 'printer_width': 80, 'version_check': True, 'partial_parse': True, 'static_parser': True, 'profiles_dir': '/home/blueberry/.dbt', 'send_anonymous_usage_stats': True, 'event_buffer_size': 100000, 'quiet': False, 'no_print': False, 'config_dir': False, 'which': 'debug', 'indirect_selection': 'eager'}
16:59:40.635698 [debug] [MainThread]: Tracking: tracking
16:59:40.789859 [debug] [MainThread]: Sending event: {'category': 'dbt', 'action': 'invocation', 'label': 'start', 'context': [<snowplow_tracker.self_describing_json.SelfDescribingJson object at 0x7fca250b2d00>, <snowplow_tracker.self_describing_json.SelfDescribingJson object at 0x7fca250b2d60>, <snowplow_tracker.self_describing_json.SelfDescribingJson object at 0x7fca250b2df0>]}
16:59:41.176268 [debug] [MainThread]: Executing "git --help"
16:59:41.266481 [debug] [MainThread]: STDOUT: "b"usage: git [--version] [--help] [-C <path>] [-c <name>=<value>]\n           [--exec-path[=<path>]] [--html-path] [--man-path] [--info-path]\n           [-p | --paginate | -P | --no-pager] [--no-replace-objects] [--bare]\n           [--git-dir=<path>] [--work-tree=<path>] [--namespace=<name>]\n           <command> [<args>]\n\nThese are common Git commands used in various situations:\n\nstart a working area (see also: git help tutorial)\n   clone             Clone a repository into a new directory\n   init              Create an empty Git repository or reinitialize an existing one\n\nwork on the current change (see also: git help everyday)\n   add               Add file contents to the index\n   mv                Move or rename a file, a directory, or a symlink\n   restore           Restore working tree files\n   rm                Remove files from the working tree and from the index\n   sparse-checkout   Initialize and modify the sparse-checkout\n\nexamine the history and state (see also: git help revisions)\n   bisect            Use binary search to find the commit that introduced a bug\n   diff              Show changes between commits, commit and working tree, etc\n   grep              Print lines matching a pattern\n   log               Show commit logs\n   show              Show various types of objects\n   status            Show the working tree status\n\ngrow, mark and tweak your common history\n   branch            List, create, or delete branches\n   commit            Record changes to the repository\n   merge             Join two or more development histories together\n   rebase            Reapply commits on top of another base tip\n   reset             Reset current HEAD to the specified state\n   switch            Switch branches\n   tag               Create, list, delete or verify a tag object signed with GPG\n\ncollaborate (see also: git help workflows)\n   fetch             Download objects and refs from another repository\n   pull              Fetch from and integrate with another repository or a local branch\n   push              Update remote refs along with associated objects\n\n'git help -a' and 'git help -g' list available subcommands and some\nconcept guides. See 'git help <command>' or 'git help <concept>'\nto read about a specific subcommand or concept.\nSee 'git help git' for an overview of the system.\n""
16:59:41.267204 [debug] [MainThread]: STDERR: "b''"
16:59:41.277518 [debug] [MainThread]: Sending event: {'category': 'dbt', 'action': 'invocation', 'label': 'end', 'context': [<snowplow_tracker.self_describing_json.SelfDescribingJson object at 0x7fca250939a0>, <snowplow_tracker.self_describing_json.SelfDescribingJson object at 0x7fca238013d0>, <snowplow_tracker.self_describing_json.SelfDescribingJson object at 0x7fca23801280>]}
